\BOOKMARK [1][-]{section.2}{Week 2: Kinetic description of plasmas, with Paolo Ricci}{}% 1
\BOOKMARK [2][-]{subsection.2.1}{From single particle to kinetic description}{section.2}% 2
\BOOKMARK [2][-]{subsection.2.2}{2b\) Coulomb collisions in plasmas. Bonus module.}{section.2}% 3
\BOOKMARK [2][-]{subsection.2.3}{2c\) Collisional processes in plasmas}{section.2}% 4
\BOOKMARK [3][-]{subsubsection.2.3.1}{Slowing down of an electron beam}{subsection.2.3}% 5
\BOOKMARK [3][-]{subsubsection.2.3.2}{Plasma resistivity}{subsection.2.3}% 6
\BOOKMARK [3][-]{subsubsection.2.3.3}{Overview of plasma collision frequencies}{subsection.2.3}% 7
\BOOKMARK [2][-]{subsection.2.4}{2d\) Vlasov equation}{section.2}% 8
\BOOKMARK [3][-]{subsubsection.2.4.1}{Derivation from Boltzmann equation}{subsection.2.4}% 9
\BOOKMARK [3][-]{subsubsection.2.4.2}{Conservation laws for the Vlasov equation}{subsection.2.4}% 10
\BOOKMARK [3][-]{subsubsection.2.4.3}{Interpretation of Vlasov equation}{subsection.2.4}% 11
\BOOKMARK [3][-]{subsubsection.2.4.4}{\(Formal\) solutions of Vlasov equation}{subsection.2.4}% 12
\BOOKMARK [2][-]{subsection.2.5}{The two stream instability!}{section.2}% 13
\BOOKMARK [3][-]{subsubsection.2.5.1}{Simplifications}{subsection.2.5}% 14
\BOOKMARK [3][-]{subsubsection.2.5.2}{Linearisation}{subsection.2.5}% 15
\BOOKMARK [3][-]{subsubsection.2.5.3}{Getting to the two-stream instability}{subsection.2.5}% 16
\BOOKMARK [2][-]{subsection.2.6}{2f\) Kinetic plasma simulations. The Particle in Cell method}{section.2}% 17
\BOOKMARK [3][-]{subsubsection.2.6.1}{The various time scales in a plasma}{subsection.2.6}% 18
\BOOKMARK [3][-]{subsubsection.2.6.2}{Simulation approach - Particle in Cell \(PIC\) method}{subsection.2.6}% 19
\BOOKMARK [3][-]{subsubsection.2.6.3}{Practical PIC}{subsection.2.6}% 20
